mode: count
github.com/machinefi/trioclaw/cmd/trioclaw/main.go:55.54,57.3 1 0
github.com/machinefi/trioclaw/cmd/trioclaw/main.go:60.41,62.26 1 0
github.com/machinefi/trioclaw/cmd/trioclaw/main.go:62.26,64.3 1 0
github.com/machinefi/trioclaw/cmd/trioclaw/main.go:67.2,68.16 2 0
github.com/machinefi/trioclaw/cmd/trioclaw/main.go:68.16,70.3 1 0
github.com/machinefi/trioclaw/cmd/trioclaw/main.go:73.2,73.21 1 0
github.com/machinefi/trioclaw/cmd/trioclaw/main.go:73.21,75.3 1 0
github.com/machinefi/trioclaw/cmd/trioclaw/main.go:78.2,79.23 2 0
github.com/machinefi/trioclaw/cmd/trioclaw/main.go:79.23,81.3 1 0
github.com/machinefi/trioclaw/cmd/trioclaw/main.go:84.2,99.16 10 0
github.com/machinefi/trioclaw/cmd/trioclaw/main.go:99.16,101.3 1 0
github.com/machinefi/trioclaw/cmd/trioclaw/main.go:104.2,108.39 4 0
github.com/machinefi/trioclaw/cmd/trioclaw/main.go:108.39,110.3 1 0
github.com/machinefi/trioclaw/cmd/trioclaw/main.go:112.2,116.12 4 0
github.com/machinefi/trioclaw/cmd/trioclaw/main.go:139.54,141.3 1 0
github.com/machinefi/trioclaw/cmd/trioclaw/main.go:144.40,147.16 2 0
github.com/machinefi/trioclaw/cmd/trioclaw/main.go:147.16,149.3 1 0
github.com/machinefi/trioclaw/cmd/trioclaw/main.go:151.2,156.16 4 0
github.com/machinefi/trioclaw/cmd/trioclaw/main.go:156.16,158.3 1 0
github.com/machinefi/trioclaw/cmd/trioclaw/main.go:158.8,160.31 2 0
github.com/machinefi/trioclaw/cmd/trioclaw/main.go:160.31,162.4 1 0
github.com/machinefi/trioclaw/cmd/trioclaw/main.go:166.2,166.33 1 0
github.com/machinefi/trioclaw/cmd/trioclaw/main.go:166.33,168.3 1 0
github.com/machinefi/trioclaw/cmd/trioclaw/main.go:171.2,185.12 8 0
github.com/machinefi/trioclaw/cmd/trioclaw/main.go:185.12,189.3 3 0
github.com/machinefi/trioclaw/cmd/trioclaw/main.go:192.2,193.49 2 0
github.com/machinefi/trioclaw/cmd/trioclaw/main.go:193.49,195.3 1 0
github.com/machinefi/trioclaw/cmd/trioclaw/main.go:197.2,197.12 1 0
github.com/machinefi/trioclaw/cmd/trioclaw/main.go:220.54,222.3 1 0
github.com/machinefi/trioclaw/cmd/trioclaw/main.go:225.41,228.18 2 0
github.com/machinefi/trioclaw/cmd/trioclaw/main.go:228.18,230.3 1 0
github.com/machinefi/trioclaw/cmd/trioclaw/main.go:233.2,235.16 3 0
github.com/machinefi/trioclaw/cmd/trioclaw/main.go:235.16,237.3 1 0
github.com/machinefi/trioclaw/cmd/trioclaw/main.go:239.2,243.22 3 0
github.com/machinefi/trioclaw/cmd/trioclaw/main.go:243.22,245.3 1 0
github.com/machinefi/trioclaw/cmd/trioclaw/main.go:247.2,247.67 1 0
github.com/machinefi/trioclaw/cmd/trioclaw/main.go:247.67,249.3 1 0
github.com/machinefi/trioclaw/cmd/trioclaw/main.go:250.2,253.23 2 0
github.com/machinefi/trioclaw/cmd/trioclaw/main.go:253.23,261.17 4 0
github.com/machinefi/trioclaw/cmd/trioclaw/main.go:261.17,263.4 1 0
github.com/machinefi/trioclaw/cmd/trioclaw/main.go:265.3,267.56 3 0
github.com/machinefi/trioclaw/cmd/trioclaw/main.go:268.8,268.30 1 0
github.com/machinefi/trioclaw/cmd/trioclaw/main.go:268.30,273.53 3 0
github.com/machinefi/trioclaw/cmd/trioclaw/main.go:273.53,275.4 1 0
github.com/machinefi/trioclaw/cmd/trioclaw/main.go:276.3,276.43 1 0
github.com/machinefi/trioclaw/cmd/trioclaw/main.go:279.2,279.12 1 0
github.com/machinefi/trioclaw/cmd/trioclaw/main.go:300.54,302.3 1 0
github.com/machinefi/trioclaw/cmd/trioclaw/main.go:305.43,315.16 7 0
github.com/machinefi/trioclaw/cmd/trioclaw/main.go:315.16,318.3 2 0
github.com/machinefi/trioclaw/cmd/trioclaw/main.go:318.8,320.3 1 0
github.com/machinefi/trioclaw/cmd/trioclaw/main.go:323.2,325.16 3 0
github.com/machinefi/trioclaw/cmd/trioclaw/main.go:325.16,328.3 2 0
github.com/machinefi/trioclaw/cmd/trioclaw/main.go:328.8,328.30 1 0
github.com/machinefi/trioclaw/cmd/trioclaw/main.go:328.30,331.3 2 0
github.com/machinefi/trioclaw/cmd/trioclaw/main.go:331.8,334.31 3 0
github.com/machinefi/trioclaw/cmd/trioclaw/main.go:334.31,336.27 2 0
github.com/machinefi/trioclaw/cmd/trioclaw/main.go:336.27,339.5 2 0
github.com/machinefi/trioclaw/cmd/trioclaw/main.go:339.10,339.34 1 0
github.com/machinefi/trioclaw/cmd/trioclaw/main.go:339.34,342.5 2 0
github.com/machinefi/trioclaw/cmd/trioclaw/main.go:343.4,343.72 1 0
github.com/machinefi/trioclaw/cmd/trioclaw/main.go:345.3,345.16 1 0
github.com/machinefi/trioclaw/cmd/trioclaw/main.go:345.16,348.4 2 0
github.com/machinefi/trioclaw/cmd/trioclaw/main.go:349.3,349.16 1 0
github.com/machinefi/trioclaw/cmd/trioclaw/main.go:349.16,351.4 1 0
github.com/machinefi/trioclaw/cmd/trioclaw/main.go:355.2,357.19 3 0
github.com/machinefi/trioclaw/cmd/trioclaw/main.go:357.19,359.3 1 0
github.com/machinefi/trioclaw/cmd/trioclaw/main.go:360.2,366.58 4 0
github.com/machinefi/trioclaw/cmd/trioclaw/main.go:366.58,369.3 2 0
github.com/machinefi/trioclaw/cmd/trioclaw/main.go:369.8,371.3 1 0
github.com/machinefi/trioclaw/cmd/trioclaw/main.go:374.2,376.16 3 0
github.com/machinefi/trioclaw/cmd/trioclaw/main.go:376.16,379.3 2 0
github.com/machinefi/trioclaw/cmd/trioclaw/main.go:379.8,379.27 1 0
github.com/machinefi/trioclaw/cmd/trioclaw/main.go:379.27,381.3 1 0
github.com/machinefi/trioclaw/cmd/trioclaw/main.go:381.8,385.3 3 0
github.com/machinefi/trioclaw/cmd/trioclaw/main.go:388.2,389.11 2 0
github.com/machinefi/trioclaw/cmd/trioclaw/main.go:389.11,392.3 2 0
github.com/machinefi/trioclaw/cmd/trioclaw/main.go:394.2,395.43 2 0
github.com/machinefi/trioclaw/cmd/trioclaw/main.go:405.47,407.26 2 0
github.com/machinefi/trioclaw/cmd/trioclaw/main.go:407.26,409.4 1 0
github.com/machinefi/trioclaw/cmd/trioclaw/main.go:410.3,411.52 2 0
github.com/machinefi/trioclaw/cmd/trioclaw/main.go:419.13,439.2 10 0
github.com/machinefi/trioclaw/cmd/trioclaw/main.go:442.60,451.2 3 0
github.com/machinefi/trioclaw/cmd/trioclaw/main.go:453.13,454.42 1 0
github.com/machinefi/trioclaw/cmd/trioclaw/main.go:454.42,457.3 2 0
github.com/machinefi/trioclaw/cmd/trioclaw/main.go:461.39,463.2 1 0
github.com/machinefi/trioclaw/cmd/trioclaw/main.go:465.45,467.2 1 0
github.com/machinefi/trioclaw/internal/state/state.go:27.31,29.16 2 3
github.com/machinefi/trioclaw/internal/state/state.go:29.16,31.3 1 0
github.com/machinefi/trioclaw/internal/state/state.go:32.2,32.41 1 3
github.com/machinefi/trioclaw/internal/state/state.go:36.32,38.2 1 1
github.com/machinefi/trioclaw/internal/state/state.go:50.29,53.16 3 0
github.com/machinefi/trioclaw/internal/state/state.go:53.16,54.25 1 0
github.com/machinefi/trioclaw/internal/state/state.go:54.25,56.4 1 0
github.com/machinefi/trioclaw/internal/state/state.go:57.3,57.63 1 0
github.com/machinefi/trioclaw/internal/state/state.go:60.2,61.50 2 0
github.com/machinefi/trioclaw/internal/state/state.go:61.50,63.3 1 0
github.com/machinefi/trioclaw/internal/state/state.go:65.2,65.17 1 0
github.com/machinefi/trioclaw/internal/state/state.go:70.33,72.16 2 0
github.com/machinefi/trioclaw/internal/state/state.go:72.16,74.3 1 0
github.com/machinefi/trioclaw/internal/state/state.go:75.2,75.20 1 0
github.com/machinefi/trioclaw/internal/state/state.go:75.20,77.3 1 0
github.com/machinefi/trioclaw/internal/state/state.go:78.2,78.16 1 0
github.com/machinefi/trioclaw/internal/state/state.go:83.28,85.52 2 0
github.com/machinefi/trioclaw/internal/state/state.go:85.52,87.3 1 0
github.com/machinefi/trioclaw/internal/state/state.go:89.2,90.16 2 0
github.com/machinefi/trioclaw/internal/state/state.go:90.16,92.3 1 0
github.com/machinefi/trioclaw/internal/state/state.go:94.2,95.55 2 0
github.com/machinefi/trioclaw/internal/state/state.go:95.55,97.3 1 0
github.com/machinefi/trioclaw/internal/state/state.go:99.2,99.12 1 0
github.com/machinefi/trioclaw/internal/state/state.go:108.30,110.16 2 2
github.com/machinefi/trioclaw/internal/state/state.go:110.16,112.3 1 0
github.com/machinefi/trioclaw/internal/state/state.go:115.2,116.43 2 2
github.com/machinefi/trioclaw/internal/state/state.go:116.43,117.67 1 56
github.com/machinefi/trioclaw/internal/state/state.go:117.67,119.4 1 54
github.com/machinefi/trioclaw/internal/state/state.go:120.3,120.12 1 2
github.com/machinefi/trioclaw/internal/state/state.go:122.2,122.20 1 2
github.com/machinefi/trioclaw/internal/state/state.go:122.20,124.3 1 0
github.com/machinefi/trioclaw/internal/state/state.go:127.2,128.21 2 2
github.com/machinefi/trioclaw/internal/state/state.go:128.21,131.3 1 0
github.com/machinefi/trioclaw/internal/state/state.go:131.8,131.31 1 2
github.com/machinefi/trioclaw/internal/state/state.go:131.31,133.3 1 2
github.com/machinefi/trioclaw/internal/state/state.go:135.2,135.59 1 2
github.com/machinefi/trioclaw/internal/state/state.go:139.28,140.22 1 2
github.com/machinefi/trioclaw/internal/state/state.go:141.15,143.62 1 0
github.com/machinefi/trioclaw/internal/state/state.go:143.62,145.16 2 0
github.com/machinefi/trioclaw/internal/state/state.go:145.16,147.5 1 0
github.com/machinefi/trioclaw/internal/state/state.go:150.3,150.71 1 0
github.com/machinefi/trioclaw/internal/state/state.go:150.71,152.16 2 0
github.com/machinefi/trioclaw/internal/state/state.go:152.16,154.5 1 0
github.com/machinefi/trioclaw/internal/state/state.go:157.16,160.46 2 2
github.com/machinefi/trioclaw/internal/state/state.go:160.46,163.31 2 2
github.com/machinefi/trioclaw/internal/state/state.go:163.31,164.57 1 36
github.com/machinefi/trioclaw/internal/state/state.go:164.57,166.25 2 2
github.com/machinefi/trioclaw/internal/state/state.go:166.25,168.23 2 2
github.com/machinefi/trioclaw/internal/state/state.go:168.23,172.8 2 2
github.com/machinefi/trioclaw/internal/state/state.go:179.2,179.11 1 0
github.com/machinefi/trioclaw/internal/state/state.go:183.42,184.17 1 0
github.com/machinefi/trioclaw/internal/state/state.go:184.17,186.3 1 0
github.com/machinefi/trioclaw/internal/state/state.go:188.2,189.51 2 0
github.com/machinefi/trioclaw/internal/state/state.go:189.51,192.3 2 0
github.com/machinefi/trioclaw/internal/state/state.go:192.8,197.3 3 0
github.com/machinefi/trioclaw/internal/state/state.go:198.2,198.42 1 0
github.com/machinefi/trioclaw/internal/state/state.go:202.33,204.2 1 3
github.com/machinefi/trioclaw/internal/state/state.go:207.49,209.16 2 3
github.com/machinefi/trioclaw/internal/state/state.go:209.16,210.25 1 1
github.com/machinefi/trioclaw/internal/state/state.go:210.25,212.4 1 1
github.com/machinefi/trioclaw/internal/state/state.go:213.3,213.63 1 0
github.com/machinefi/trioclaw/internal/state/state.go:216.2,217.50 2 2
github.com/machinefi/trioclaw/internal/state/state.go:217.50,219.3 1 0
github.com/machinefi/trioclaw/internal/state/state.go:221.2,221.17 1 2
github.com/machinefi/trioclaw/internal/state/state.go:225.50,227.47 2 3
github.com/machinefi/trioclaw/internal/state/state.go:227.47,229.3 1 0
github.com/machinefi/trioclaw/internal/state/state.go:231.2,232.16 2 3
github.com/machinefi/trioclaw/internal/state/state.go:232.16,234.3 1 0
github.com/machinefi/trioclaw/internal/state/state.go:236.2,236.55 1 3
github.com/machinefi/trioclaw/internal/state/state.go:236.55,238.3 1 0
github.com/machinefi/trioclaw/internal/state/state.go:240.2,240.12 1 3
github.com/machinefi/trioclaw/internal/capture/ffmpeg.go:53.36,54.22 1 1
github.com/machinefi/trioclaw/internal/capture/ffmpeg.go:54.22,57.3 1 0
github.com/machinefi/trioclaw/internal/capture/ffmpeg.go:59.2,60.16 2 1
github.com/machinefi/trioclaw/internal/capture/ffmpeg.go:60.16,62.3 1 0
github.com/machinefi/trioclaw/internal/capture/ffmpeg.go:63.2,65.27 2 1
github.com/machinefi/trioclaw/internal/capture/ffmpeg.go:68.41,71.16 3 1
github.com/machinefi/trioclaw/internal/capture/ffmpeg.go:71.16,73.3 1 0
github.com/machinefi/trioclaw/internal/capture/ffmpeg.go:76.2,77.21 2 1
github.com/machinefi/trioclaw/internal/capture/ffmpeg.go:77.21,79.3 1 0
github.com/machinefi/trioclaw/internal/capture/ffmpeg.go:82.2,84.22 3 1
github.com/machinefi/trioclaw/internal/capture/ffmpeg.go:84.22,86.3 1 0
github.com/machinefi/trioclaw/internal/capture/ffmpeg.go:88.2,88.24 1 1
github.com/machinefi/trioclaw/internal/capture/ffmpeg.go:98.38,101.22 2 1
github.com/machinefi/trioclaw/internal/capture/ffmpeg.go:102.16,104.17 2 1
github.com/machinefi/trioclaw/internal/capture/ffmpeg.go:104.17,106.4 1 0
github.com/machinefi/trioclaw/internal/capture/ffmpeg.go:107.3,107.46 1 1
github.com/machinefi/trioclaw/internal/capture/ffmpeg.go:109.15,111.17 2 0
github.com/machinefi/trioclaw/internal/capture/ffmpeg.go:111.17,114.4 1 0
github.com/machinefi/trioclaw/internal/capture/ffmpeg.go:115.3,118.17 3 0
github.com/machinefi/trioclaw/internal/capture/ffmpeg.go:118.17,120.4 1 0
github.com/machinefi/trioclaw/internal/capture/ffmpeg.go:122.17,123.30 1 0
github.com/machinefi/trioclaw/internal/capture/ffmpeg.go:125.10,126.67 1 0
github.com/machinefi/trioclaw/internal/capture/ffmpeg.go:129.2,129.21 1 1
github.com/machinefi/trioclaw/internal/capture/ffmpeg.go:133.44,143.2 5 1
github.com/machinefi/trioclaw/internal/capture/ffmpeg.go:146.52,152.29 5 1
github.com/machinefi/trioclaw/internal/capture/ffmpeg.go:152.29,156.60 2 24
github.com/machinefi/trioclaw/internal/capture/ffmpeg.go:156.60,158.12 2 1
github.com/machinefi/trioclaw/internal/capture/ffmpeg.go:160.3,160.60 1 23
github.com/machinefi/trioclaw/internal/capture/ffmpeg.go:160.60,162.12 2 1
github.com/machinefi/trioclaw/internal/capture/ffmpeg.go:166.3,166.89 1 22
github.com/machinefi/trioclaw/internal/capture/ffmpeg.go:166.89,167.12 1 4
github.com/machinefi/trioclaw/internal/capture/ffmpeg.go:171.3,171.56 1 18
github.com/machinefi/trioclaw/internal/capture/ffmpeg.go:171.56,173.49 1 6
github.com/machinefi/trioclaw/internal/capture/ffmpeg.go:173.49,175.19 2 6
github.com/machinefi/trioclaw/internal/capture/ffmpeg.go:175.19,184.6 2 6
github.com/machinefi/trioclaw/internal/capture/ffmpeg.go:189.2,189.16 1 1
github.com/machinefi/trioclaw/internal/capture/ffmpeg.go:193.48,196.16 3 0
github.com/machinefi/trioclaw/internal/capture/ffmpeg.go:196.16,198.3 1 0
github.com/machinefi/trioclaw/internal/capture/ffmpeg.go:200.2,200.46 1 0
github.com/machinefi/trioclaw/internal/capture/ffmpeg.go:204.47,212.29 6 0
github.com/machinefi/trioclaw/internal/capture/ffmpeg.go:212.29,216.35 2 0
github.com/machinefi/trioclaw/internal/capture/ffmpeg.go:216.35,218.12 2 0
github.com/machinefi/trioclaw/internal/capture/ffmpeg.go:222.3,223.44 2 0
github.com/machinefi/trioclaw/internal/capture/ffmpeg.go:223.44,233.4 3 0
github.com/machinefi/trioclaw/internal/capture/ffmpeg.go:236.2,236.16 1 0
github.com/machinefi/trioclaw/internal/capture/ffmpeg.go:240.48,243.16 3 0
github.com/machinefi/trioclaw/internal/capture/ffmpeg.go:243.16,245.3 1 0
github.com/machinefi/trioclaw/internal/capture/ffmpeg.go:247.2,247.52 1 0
github.com/machinefi/trioclaw/internal/capture/ffmpeg.go:251.53,257.29 5 0
github.com/machinefi/trioclaw/internal/capture/ffmpeg.go:257.29,261.39 2 0
github.com/machinefi/trioclaw/internal/capture/ffmpeg.go:261.39,262.49 1 0
github.com/machinefi/trioclaw/internal/capture/ffmpeg.go:262.49,265.60 2 0
github.com/machinefi/trioclaw/internal/capture/ffmpeg.go:265.60,268.6 2 0
github.com/machinefi/trioclaw/internal/capture/ffmpeg.go:270.4,270.12 1 0
github.com/machinefi/trioclaw/internal/capture/ffmpeg.go:274.3,274.63 1 0
github.com/machinefi/trioclaw/internal/capture/ffmpeg.go:274.63,283.4 2 0
github.com/machinefi/trioclaw/internal/capture/ffmpeg.go:286.2,286.16 1 0
github.com/machinefi/trioclaw/internal/capture/ffmpeg.go:290.45,297.2 5 0
github.com/machinefi/trioclaw/internal/capture/ffmpeg.go:300.53,306.29 5 0
github.com/machinefi/trioclaw/internal/capture/ffmpeg.go:306.29,310.58 2 0
github.com/machinefi/trioclaw/internal/capture/ffmpeg.go:310.58,312.12 2 0
github.com/machinefi/trioclaw/internal/capture/ffmpeg.go:314.3,314.58 1 0
github.com/machinefi/trioclaw/internal/capture/ffmpeg.go:314.58,316.12 2 0
github.com/machinefi/trioclaw/internal/capture/ffmpeg.go:320.3,320.56 1 0
github.com/machinefi/trioclaw/internal/capture/ffmpeg.go:320.56,321.49 1 0
github.com/machinefi/trioclaw/internal/capture/ffmpeg.go:321.49,323.19 2 0
github.com/machinefi/trioclaw/internal/capture/ffmpeg.go:323.19,332.6 2 0
github.com/machinefi/trioclaw/internal/capture/ffmpeg.go:337.2,337.16 1 0
github.com/machinefi/trioclaw/internal/capture/ffmpeg.go:341.44,342.22 1 0
github.com/machinefi/trioclaw/internal/capture/ffmpeg.go:343.16,344.29 1 0
github.com/machinefi/trioclaw/internal/capture/ffmpeg.go:345.15,354.9 5 0
github.com/machinefi/trioclaw/internal/capture/ffmpeg.go:355.17,356.30 1 0
github.com/machinefi/trioclaw/internal/capture/ffmpeg.go:358.2,358.48 1 0
github.com/machinefi/trioclaw/internal/capture/ffmpeg.go:371.50,373.2 1 0
github.com/machinefi/trioclaw/internal/capture/ffmpeg.go:376.74,378.22 1 0
github.com/machinefi/trioclaw/internal/capture/ffmpeg.go:378.22,379.42 1 0
github.com/machinefi/trioclaw/internal/capture/ffmpeg.go:379.42,381.4 1 0
github.com/machinefi/trioclaw/internal/capture/ffmpeg.go:385.2,388.18 3 0
github.com/machinefi/trioclaw/internal/capture/ffmpeg.go:388.18,390.3 1 0
github.com/machinefi/trioclaw/internal/capture/ffmpeg.go:392.2,392.20 1 0
github.com/machinefi/trioclaw/internal/capture/ffmpeg.go:392.20,395.3 2 0
github.com/machinefi/trioclaw/internal/capture/ffmpeg.go:395.8,397.41 1 0
github.com/machinefi/trioclaw/internal/capture/ffmpeg.go:397.41,401.4 2 0
github.com/machinefi/trioclaw/internal/capture/ffmpeg.go:401.9,404.18 2 0
github.com/machinefi/trioclaw/internal/capture/ffmpeg.go:404.18,406.5 1 0
github.com/machinefi/trioclaw/internal/capture/ffmpeg.go:407.4,408.26 2 0
github.com/machinefi/trioclaw/internal/capture/ffmpeg.go:413.2,421.34 5 0
github.com/machinefi/trioclaw/internal/capture/ffmpeg.go:421.34,423.3 1 0
github.com/machinefi/trioclaw/internal/capture/ffmpeg.go:426.2,431.8 1 0
github.com/machinefi/trioclaw/internal/capture/ffmpeg.go:438.63,440.22 1 0
github.com/machinefi/trioclaw/internal/capture/ffmpeg.go:440.22,441.42 1 0
github.com/machinefi/trioclaw/internal/capture/ffmpeg.go:441.42,443.4 1 0
github.com/machinefi/trioclaw/internal/capture/ffmpeg.go:447.2,448.16 2 0
github.com/machinefi/trioclaw/internal/capture/ffmpeg.go:448.16,450.3 1 0
github.com/machinefi/trioclaw/internal/capture/ffmpeg.go:451.2,459.20 6 0
github.com/machinefi/trioclaw/internal/capture/ffmpeg.go:459.20,461.3 1 0
github.com/machinefi/trioclaw/internal/capture/ffmpeg.go:461.8,461.47 1 0
github.com/machinefi/trioclaw/internal/capture/ffmpeg.go:461.47,463.3 1 0
github.com/machinefi/trioclaw/internal/capture/ffmpeg.go:463.8,466.3 2 0
github.com/machinefi/trioclaw/internal/capture/ffmpeg.go:469.2,478.34 3 0
github.com/machinefi/trioclaw/internal/capture/ffmpeg.go:478.34,480.3 1 0
github.com/machinefi/trioclaw/internal/capture/ffmpeg.go:483.2,484.16 2 0
github.com/machinefi/trioclaw/internal/capture/ffmpeg.go:484.16,486.3 1 0
github.com/machinefi/trioclaw/internal/capture/ffmpeg.go:488.2,492.8 1 0
github.com/machinefi/trioclaw/internal/capture/ffmpeg.go:496.33,498.2 1 8
github.com/machinefi/trioclaw/internal/capture/ffmpeg.go:502.65,503.22 1 3
github.com/machinefi/trioclaw/internal/capture/ffmpeg.go:504.16,512.4 1 3
github.com/machinefi/trioclaw/internal/capture/ffmpeg.go:514.15,522.4 1 0
github.com/machinefi/trioclaw/internal/capture/ffmpeg.go:524.17,535.4 1 0
github.com/machinefi/trioclaw/internal/capture/ffmpeg.go:537.10,538.20 1 0
github.com/machinefi/trioclaw/internal/capture/ffmpeg.go:543.65,552.2 1 0
github.com/machinefi/trioclaw/internal/capture/ffmpeg.go:555.58,566.2 2 1
github.com/machinefi/trioclaw/internal/capture/ffmpeg.go:570.45,572.2 1 0
github.com/machinefi/trioclaw/internal/capture/ffmpeg.go:575.46,578.22 2 0
github.com/machinefi/trioclaw/internal/capture/ffmpeg.go:579.16,580.39 1 0
github.com/machinefi/trioclaw/internal/capture/ffmpeg.go:581.15,584.17 1 0
github.com/machinefi/trioclaw/internal/capture/ffmpeg.go:585.17,586.40 1 0
github.com/machinefi/trioclaw/internal/capture/ffmpeg.go:589.2,589.16 1 0
github.com/machinefi/trioclaw/internal/capture/ffmpeg.go:593.54,601.2 1 0
github.com/machinefi/trioclaw/internal/capture/ffmpeg.go:604.43,606.2 1 0
github.com/machinefi/trioclaw/internal/capture/mic.go:37.59,39.2 1 0
github.com/machinefi/trioclaw/internal/capture/mic.go:42.83,44.22 1 0
github.com/machinefi/trioclaw/internal/capture/mic.go:44.22,45.42 1 0
github.com/machinefi/trioclaw/internal/capture/mic.go:45.42,47.4 1 0
github.com/machinefi/trioclaw/internal/capture/mic.go:51.2,51.43 1 0
github.com/machinefi/trioclaw/internal/capture/mic.go:51.43,53.3 1 0
github.com/machinefi/trioclaw/internal/capture/mic.go:56.2,57.16 2 0
github.com/machinefi/trioclaw/internal/capture/mic.go:57.16,59.3 1 0
github.com/machinefi/trioclaw/internal/capture/mic.go:60.2,73.34 8 0
github.com/machinefi/trioclaw/internal/capture/mic.go:73.34,75.3 1 0
github.com/machinefi/trioclaw/internal/capture/mic.go:78.2,79.16 2 0
github.com/machinefi/trioclaw/internal/capture/mic.go:79.16,81.3 1 0
github.com/machinefi/trioclaw/internal/capture/mic.go:83.2,87.8 1 0
github.com/machinefi/trioclaw/internal/capture/mic.go:104.75,106.22 1 0
github.com/machinefi/trioclaw/internal/capture/mic.go:106.22,107.42 1 0
github.com/machinefi/trioclaw/internal/capture/mic.go:107.42,109.4 1 0
github.com/machinefi/trioclaw/internal/capture/mic.go:113.2,125.16 5 0
github.com/machinefi/trioclaw/internal/capture/mic.go:125.16,127.3 1 0
github.com/machinefi/trioclaw/internal/capture/mic.go:130.2,133.36 2 0
github.com/machinefi/trioclaw/internal/capture/mic.go:133.36,135.3 1 0
github.com/machinefi/trioclaw/internal/capture/mic.go:138.2,139.20 2 0
github.com/machinefi/trioclaw/internal/capture/mic.go:139.20,140.18 1 0
github.com/machinefi/trioclaw/internal/capture/mic.go:140.18,143.4 2 0
github.com/machinefi/trioclaw/internal/capture/mic.go:147.2,150.17 1 0
github.com/machinefi/trioclaw/internal/capture/mic.go:159.43,162.2 2 0
github.com/machinefi/trioclaw/internal/capture/mic.go:165.49,166.22 1 0
github.com/machinefi/trioclaw/internal/capture/mic.go:167.16,172.22 2 0
github.com/machinefi/trioclaw/internal/capture/mic.go:172.22,174.4 1 0
github.com/machinefi/trioclaw/internal/capture/mic.go:175.3,180.14 2 0
github.com/machinefi/trioclaw/internal/capture/mic.go:182.15,189.22 2 0
github.com/machinefi/trioclaw/internal/capture/mic.go:189.22,191.4 1 0
github.com/machinefi/trioclaw/internal/capture/mic.go:192.3,197.14 2 0
github.com/machinefi/trioclaw/internal/capture/mic.go:199.17,204.22 2 0
github.com/machinefi/trioclaw/internal/capture/mic.go:204.22,206.4 1 0
github.com/machinefi/trioclaw/internal/capture/mic.go:207.3,212.14 2 0
github.com/machinefi/trioclaw/internal/capture/mic.go:214.10,215.20 1 0
github.com/machinefi/trioclaw/internal/capture/mic.go:220.53,225.21 2 0
github.com/machinefi/trioclaw/internal/capture/mic.go:225.21,227.3 1 0
github.com/machinefi/trioclaw/internal/capture/mic.go:228.2,233.13 2 0
github.com/machinefi/trioclaw/internal/gateway/client.go:69.50,76.2 1 0
github.com/machinefi/trioclaw/internal/gateway/client.go:79.43,81.2 1 0
github.com/machinefi/trioclaw/internal/gateway/client.go:95.114,104.50 4 0
github.com/machinefi/trioclaw/internal/gateway/client.go:104.50,106.3 1 0
github.com/machinefi/trioclaw/internal/gateway/client.go:109.2,109.9 1 0
github.com/machinefi/trioclaw/internal/gateway/client.go:110.18,110.18 0 0
github.com/machinefi/trioclaw/internal/gateway/client.go:111.10,111.10 0 0
github.com/machinefi/trioclaw/internal/gateway/client.go:115.2,134.41 4 0
github.com/machinefi/trioclaw/internal/gateway/client.go:134.41,136.3 1 0
github.com/machinefi/trioclaw/internal/gateway/client.go:139.2,139.9 1 0
github.com/machinefi/trioclaw/internal/gateway/client.go:140.28,141.24 1 0
github.com/machinefi/trioclaw/internal/gateway/client.go:141.24,143.4 1 0
github.com/machinefi/trioclaw/internal/gateway/client.go:144.3,144.27 1 0
github.com/machinefi/trioclaw/internal/gateway/client.go:145.24,147.101 2 0
github.com/machinefi/trioclaw/internal/gateway/client.go:165.67,171.6 3 0
github.com/machinefi/trioclaw/internal/gateway/client.go:171.6,172.10 1 0
github.com/machinefi/trioclaw/internal/gateway/client.go:173.21,176.14 2 0
github.com/machinefi/trioclaw/internal/gateway/client.go:178.11,180.47 1 0
github.com/machinefi/trioclaw/internal/gateway/client.go:180.47,182.12 2 0
github.com/machinefi/trioclaw/internal/gateway/client.go:183.32,185.30 2 0
github.com/machinefi/trioclaw/internal/gateway/client.go:185.30,187.7 1 0
github.com/machinefi/trioclaw/internal/gateway/client.go:188.23,189.16 1 0
github.com/machinefi/trioclaw/internal/gateway/client.go:191.5,191.13 1 0
github.com/machinefi/trioclaw/internal/gateway/client.go:195.4,204.51 6 0
github.com/machinefi/trioclaw/internal/gateway/client.go:204.51,206.5 1 0
github.com/machinefi/trioclaw/internal/gateway/client.go:209.4,212.23 2 0
github.com/machinefi/trioclaw/internal/gateway/client.go:218.32,220.25 2 0
github.com/machinefi/trioclaw/internal/gateway/client.go:220.25,222.3 1 0
github.com/machinefi/trioclaw/internal/gateway/client.go:223.2,223.12 1 0
github.com/machinefi/trioclaw/internal/gateway/client.go:230.62,241.2 4 0
github.com/machinefi/trioclaw/internal/gateway/client.go:247.69,250.16 2 0
github.com/machinefi/trioclaw/internal/gateway/client.go:250.16,252.3 1 0
github.com/machinefi/trioclaw/internal/gateway/client.go:254.2,260.27 2 0
github.com/machinefi/trioclaw/internal/gateway/client.go:264.53,268.19 3 0
github.com/machinefi/trioclaw/internal/gateway/client.go:268.19,270.3 1 0
github.com/machinefi/trioclaw/internal/gateway/client.go:272.2,273.32 2 0
github.com/machinefi/trioclaw/internal/gateway/client.go:278.68,282.16 3 0
github.com/machinefi/trioclaw/internal/gateway/client.go:282.16,284.3 1 0
github.com/machinefi/trioclaw/internal/gateway/client.go:287.2,290.43 4 0
github.com/machinefi/trioclaw/internal/gateway/client.go:290.43,293.3 2 0
github.com/machinefi/trioclaw/internal/gateway/client.go:294.2,298.16 3 0
github.com/machinefi/trioclaw/internal/gateway/client.go:298.16,300.3 1 0
github.com/machinefi/trioclaw/internal/gateway/client.go:302.2,302.71 1 0
github.com/machinefi/trioclaw/internal/gateway/client.go:302.71,304.3 1 0
github.com/machinefi/trioclaw/internal/gateway/client.go:307.2,325.31 3 0
github.com/machinefi/trioclaw/internal/gateway/client.go:325.31,327.3 1 0
github.com/machinefi/trioclaw/internal/gateway/client.go:329.2,337.41 3 0
github.com/machinefi/trioclaw/internal/gateway/client.go:337.41,339.3 1 0
github.com/machinefi/trioclaw/internal/gateway/client.go:342.2,343.16 2 0
github.com/machinefi/trioclaw/internal/gateway/client.go:343.16,345.3 1 0
github.com/machinefi/trioclaw/internal/gateway/client.go:347.2,347.31 1 0
github.com/machinefi/trioclaw/internal/gateway/client.go:347.31,349.3 1 0
github.com/machinefi/trioclaw/internal/gateway/client.go:351.2,352.9 2 0
github.com/machinefi/trioclaw/internal/gateway/client.go:352.9,354.53 1 0
github.com/machinefi/trioclaw/internal/gateway/client.go:354.53,355.46 1 0
github.com/machinefi/trioclaw/internal/gateway/client.go:355.46,357.5 1 0
github.com/machinefi/trioclaw/internal/gateway/client.go:359.3,359.38 1 0
github.com/machinefi/trioclaw/internal/gateway/client.go:363.2,363.52 1 0
github.com/machinefi/trioclaw/internal/gateway/client.go:363.52,364.61 1 0
github.com/machinefi/trioclaw/internal/gateway/client.go:364.61,365.70 1 0
github.com/machinefi/trioclaw/internal/gateway/client.go:365.70,368.5 2 0
github.com/machinefi/trioclaw/internal/gateway/client.go:372.2,372.49 1 0
github.com/machinefi/trioclaw/internal/gateway/client.go:376.72,377.6 1 0
github.com/machinefi/trioclaw/internal/gateway/client.go:377.6,378.10 1 0
github.com/machinefi/trioclaw/internal/gateway/client.go:379.21,380.14 1 0
github.com/machinefi/trioclaw/internal/gateway/client.go:382.11,384.18 2 0
github.com/machinefi/trioclaw/internal/gateway/client.go:384.18,386.5 1 0
github.com/machinefi/trioclaw/internal/gateway/client.go:389.4,390.21 2 0
github.com/machinefi/trioclaw/internal/gateway/client.go:390.21,392.5 1 0
github.com/machinefi/trioclaw/internal/gateway/client.go:393.4,397.21 3 0
github.com/machinefi/trioclaw/internal/gateway/client.go:398.17,399.39 1 0
github.com/machinefi/trioclaw/internal/gateway/client.go:400.15,401.32 1 0
github.com/machinefi/trioclaw/internal/gateway/client.go:402.15,402.15 0 0
github.com/machinefi/trioclaw/internal/gateway/client.go:411.62,415.19 3 0
github.com/machinefi/trioclaw/internal/gateway/client.go:415.19,417.3 1 0
github.com/machinefi/trioclaw/internal/gateway/client.go:419.2,420.48 2 0
github.com/machinefi/trioclaw/internal/gateway/client.go:420.48,422.3 1 0
github.com/machinefi/trioclaw/internal/gateway/client.go:424.2,424.19 1 0
github.com/machinefi/trioclaw/internal/gateway/client.go:428.99,431.15 2 0
github.com/machinefi/trioclaw/internal/gateway/client.go:432.29,437.67 3 0
github.com/machinefi/trioclaw/internal/gateway/client.go:437.67,440.4 2 0
github.com/machinefi/trioclaw/internal/gateway/client.go:443.3,444.52 2 0
github.com/machinefi/trioclaw/internal/gateway/client.go:444.52,446.4 1 0
github.com/machinefi/trioclaw/internal/gateway/client.go:448.30,456.71 3 0
github.com/machinefi/trioclaw/internal/gateway/client.go:456.71,459.4 2 0
github.com/machinefi/trioclaw/internal/gateway/client.go:461.3,461.58 1 0
github.com/machinefi/trioclaw/internal/gateway/client.go:461.58,463.4 1 0
github.com/machinefi/trioclaw/internal/gateway/client.go:463.9,465.4 1 0
github.com/machinefi/trioclaw/internal/gateway/client.go:467.14,467.14 0 0
github.com/machinefi/trioclaw/internal/gateway/client.go:470.10,472.43 1 0
github.com/machinefi/trioclaw/internal/gateway/client.go:477.83,480.22 2 0
github.com/machinefi/trioclaw/internal/gateway/client.go:480.22,489.3 3 0
github.com/machinefi/trioclaw/internal/gateway/client.go:493.48,497.6 3 0
github.com/machinefi/trioclaw/internal/gateway/client.go:497.6,498.10 1 0
github.com/machinefi/trioclaw/internal/gateway/client.go:499.21,500.10 1 0
github.com/machinefi/trioclaw/internal/gateway/client.go:501.19,503.21 2 0
github.com/machinefi/trioclaw/internal/gateway/client.go:503.21,506.5 2 0
github.com/machinefi/trioclaw/internal/gateway/client.go:507.4,507.21 1 0
github.com/machinefi/trioclaw/internal/gateway/client.go:513.36,517.19 3 0
github.com/machinefi/trioclaw/internal/gateway/client.go:517.19,521.3 3 0
github.com/machinefi/trioclaw/internal/gateway/client.go:525.60,535.2 3 0
github.com/machinefi/trioclaw/internal/gateway/client.go:538.26,541.19 3 0
github.com/machinefi/trioclaw/internal/gateway/client.go:541.19,543.3 1 0
github.com/machinefi/trioclaw/internal/gateway/client.go:544.2,544.18 1 0
github.com/machinefi/trioclaw/internal/gateway/client.go:548.27,550.2 1 0
github.com/machinefi/trioclaw/internal/gateway/client.go:553.36,555.2 1 0
github.com/machinefi/trioclaw/internal/gateway/client.go:557.37,559.9 1 0
github.com/machinefi/trioclaw/internal/gateway/client.go:560.18,561.18 1 0
github.com/machinefi/trioclaw/internal/gateway/client.go:562.17,563.17 1 0
github.com/machinefi/trioclaw/internal/gateway/client.go:564.10,565.19 1 0
github.com/machinefi/trioclaw/internal/gateway/client.go:569.22,571.2 1 0
github.com/machinefi/trioclaw/internal/gateway/client.go:573.21,575.2 1 0
github.com/machinefi/trioclaw/internal/gateway/handler.go:35.106,41.2 1 0
github.com/machinefi/trioclaw/internal/gateway/handler.go:44.44,46.2 1 0
github.com/machinefi/trioclaw/internal/gateway/handler.go:52.85,54.21 1 0
github.com/machinefi/trioclaw/internal/gateway/handler.go:55.21,56.38 1 0
github.com/machinefi/trioclaw/internal/gateway/handler.go:57.21,58.38 1 0
github.com/machinefi/trioclaw/internal/gateway/handler.go:59.21,60.38 1 0
github.com/machinefi/trioclaw/internal/gateway/handler.go:61.24,62.41 1 0
github.com/machinefi/trioclaw/internal/gateway/handler.go:63.10,69.4 1 0
github.com/machinefi/trioclaw/internal/gateway/handler.go:77.89,80.71 2 0
github.com/machinefi/trioclaw/internal/gateway/handler.go:80.71,87.3 1 0
github.com/machinefi/trioclaw/internal/gateway/handler.go:90.2,91.18 2 0
github.com/machinefi/trioclaw/internal/gateway/handler.go:91.18,94.3 1 0
github.com/machinefi/trioclaw/internal/gateway/handler.go:97.2,98.16 2 0
github.com/machinefi/trioclaw/internal/gateway/handler.go:98.16,105.3 1 0
github.com/machinefi/trioclaw/internal/gateway/handler.go:111.2,128.3 4 0
github.com/machinefi/trioclaw/internal/gateway/handler.go:135.89,139.32 2 0
github.com/machinefi/trioclaw/internal/gateway/handler.go:139.32,140.26 1 0
github.com/machinefi/trioclaw/internal/gateway/handler.go:140.26,145.4 1 0
github.com/machinefi/trioclaw/internal/gateway/handler.go:149.2,149.40 1 0
github.com/machinefi/trioclaw/internal/gateway/handler.go:149.40,154.3 1 0
github.com/machinefi/trioclaw/internal/gateway/handler.go:157.2,168.3 3 0
github.com/machinefi/trioclaw/internal/gateway/handler.go:175.89,183.71 3 0
github.com/machinefi/trioclaw/internal/gateway/handler.go:183.71,190.3 1 0
github.com/machinefi/trioclaw/internal/gateway/handler.go:193.2,194.21 2 0
github.com/machinefi/trioclaw/internal/gateway/handler.go:194.21,196.3 1 0
github.com/machinefi/trioclaw/internal/gateway/handler.go:199.2,200.18 2 0
github.com/machinefi/trioclaw/internal/gateway/handler.go:200.18,202.3 1 0
github.com/machinefi/trioclaw/internal/gateway/handler.go:205.2,206.16 2 0
github.com/machinefi/trioclaw/internal/gateway/handler.go:206.16,213.3 1 0
github.com/machinefi/trioclaw/internal/gateway/handler.go:216.2,238.3 5 0
github.com/machinefi/trioclaw/internal/gateway/handler.go:248.92,251.71 2 0
github.com/machinefi/trioclaw/internal/gateway/handler.go:251.71,258.3 1 0
github.com/machinefi/trioclaw/internal/gateway/handler.go:261.2,261.27 1 0
github.com/machinefi/trioclaw/internal/gateway/handler.go:261.27,268.3 1 0
github.com/machinefi/trioclaw/internal/gateway/handler.go:271.2,272.18 2 0
github.com/machinefi/trioclaw/internal/gateway/handler.go:272.18,274.3 1 0
github.com/machinefi/trioclaw/internal/gateway/handler.go:277.2,278.16 2 0
github.com/machinefi/trioclaw/internal/gateway/handler.go:278.16,285.3 1 0
github.com/machinefi/trioclaw/internal/gateway/handler.go:288.2,289.16 2 0
github.com/machinefi/trioclaw/internal/gateway/handler.go:289.16,296.3 1 0
github.com/machinefi/trioclaw/internal/gateway/handler.go:299.2,320.3 4 0
github.com/machinefi/trioclaw/internal/gateway/handler.go:325.51,327.16 2 0
github.com/machinefi/trioclaw/internal/gateway/handler.go:327.16,329.3 1 0
github.com/machinefi/trioclaw/internal/gateway/handler.go:331.2,331.13 1 0
github.com/machinefi/trioclaw/internal/gateway/handler.go:335.58,336.26 1 0
github.com/machinefi/trioclaw/internal/gateway/handler.go:336.26,338.3 1 0
github.com/machinefi/trioclaw/internal/gateway/handler.go:340.2,342.47 3 0
github.com/machinefi/trioclaw/internal/gateway/handler.go:342.47,344.3 1 0
github.com/machinefi/trioclaw/internal/gateway/handler.go:345.2,345.11 1 0
github.com/machinefi/trioclaw/internal/gateway/handler.go:349.38,350.17 1 0
github.com/machinefi/trioclaw/internal/gateway/handler.go:350.17,352.3 1 0
github.com/machinefi/trioclaw/internal/gateway/handler.go:353.2,354.27 2 0
github.com/machinefi/trioclaw/internal/gateway/protocol.go:190.55,192.16 2 4
github.com/machinefi/trioclaw/internal/gateway/protocol.go:192.16,194.3 1 0
github.com/machinefi/trioclaw/internal/gateway/protocol.go:196.2,196.26 1 4
github.com/machinefi/trioclaw/internal/gateway/protocol.go:200.68,202.2 1 3
